<?xml version="1.0" encoding="UTF-8"?>
<!-- Generated by org.testng.reporters.JUnitReportReporter -->
<testsuite skipped="0" hostname="Sri-PC" name="practice.MultipleTest" tests="2" failures="0" timestamp="14 Feb 2018 12:25:03 GMT" time="0.008" errors="0">
  <testcase name="appLaunch" time="0.005" classname="practice.MultipleTest"/>
  <testcase name="appLogin" time="0.003" classname="practice.MultipleTest"/>
</testsuite> <!-- practice.MultipleTest -->
